<?xml version="1.0" encoding="UTF-8"?>
<testng-results ignored="0" total="1" passed="1" failed="0" skipped="0">
  <reporter-output>
  </reporter-output>
  <suite started-at="2022-06-09T00:54:44 EDT" name="Suite" finished-at="2022-06-09T00:55:08 EDT" duration-ms="24066">
    <groups>
    </groups>
    <test started-at="2022-06-09T00:54:44 EDT" name="Test" finished-at="2022-06-09T00:55:08 EDT" duration-ms="24066">
      <class name="com.seleniumEW.testCases.LoginTestCrm">
        <test-method is-config="true" signature="setUpSuite()[pri:0, instance:com.seleniumEW.testCases.LoginTestCrm@346d61be]" started-at="2022-06-09T00:54:43 EDT" name="setUpSuite" finished-at="2022-06-09T00:54:44 EDT" duration-ms="1023" status="PASS">
          <reporter-output>
          </reporter-output>
        </test-method> <!-- setUpSuite -->
        <test-method is-config="true" signature="setUp()[pri:0, instance:com.seleniumEW.testCases.LoginTestCrm@346d61be]" started-at="2022-06-09T00:54:44 EDT" name="setUp" finished-at="2022-06-09T00:54:55 EDT" duration-ms="11361" status="PASS">
          <reporter-output>
          </reporter-output>
        </test-method> <!-- setUp -->
        <test-method signature="loginApp()[pri:0, instance:com.seleniumEW.testCases.LoginTestCrm@346d61be]" started-at="2022-06-09T00:54:55 EDT" name="loginApp" finished-at="2022-06-09T00:55:08 EDT" duration-ms="12662" status="PASS">
          <reporter-output>
          </reporter-output>
        </test-method> <!-- loginApp -->
        <test-method is-config="true" signature="tierDown()[pri:0, instance:com.seleniumEW.testCases.LoginTestCrm@346d61be]" started-at="2022-06-09T00:55:08 EDT" name="tierDown" finished-at="2022-06-09T00:55:09 EDT" duration-ms="1214" status="PASS">
          <reporter-output>
          </reporter-output>
        </test-method> <!-- tierDown -->
      </class> <!-- com.seleniumEW.testCases.LoginTestCrm -->
    </test> <!-- Test -->
  </suite> <!-- Suite -->
</testng-results>
